<?xml version="1.0" encoding="UTF-8"?>
<!-- Generated by org.testng.reporters.JUnitReportReporter -->
<testsuite hostname="testerpc" name="com.example.tests.TheSecondNewGroupCreation" tests="2" failures="0" timestamp="3 Mar 2014 10:02:40 GMT" time="18.697" errors="0">
  <testcase name="newGroup" time="4.624" classname="com.example.tests.TheSecondNewGroupCreation"/>
  <testcase name="newEmptyGroup" time="14.073" classname="com.example.tests.TheSecondNewGroupCreation"/>
</testsuite> <!-- com.example.tests.TheSecondNewGroupCreation -->
