<?xml version="1.0" encoding="UTF-8"?>
<!-- Generated by org.testng.reporters.JUnitReportReporter -->
<testsuite hostname="testerpc" name="com.example.tests.ContactModificationTests" tests="5" failures="0" timestamp="3 Apr 2014 09:52:13 GMT" time="170.877" errors="0">
  <testcase name="modifySomeContact" time="34.717" classname="com.example.tests.ContactModificationTests"/>
  <testcase name="modifySomeContact" time="33.918" classname="com.example.tests.ContactModificationTests"/>
  <testcase name="modifySomeContact" time="33.828" classname="com.example.tests.ContactModificationTests"/>
  <testcase name="modifySomeContact" time="34.570" classname="com.example.tests.ContactModificationTests"/>
  <testcase name="modifySomeContact" time="33.844" classname="com.example.tests.ContactModificationTests"/>
</testsuite> <!-- com.example.tests.ContactModificationTests -->
