<?xml version="1.0" encoding="UTF-8"?>
<!-- Generated by org.testng.reporters.JUnitReportReporter -->
<testsuite hostname="testerpc" name="com.example.tests.SubContactModificationTests" tests="5" failures="0" timestamp="3 Apr 2014 12:07:16 GMT" time="195.457" errors="0">
  <testcase name="modifySomeContact" time="35.694" classname="com.example.tests.SubContactModificationTests"/>
  <testcase name="modifySomeContact" time="33.626" classname="com.example.tests.SubContactModificationTests"/>
  <testcase name="modifySomeContact" time="35.185" classname="com.example.tests.SubContactModificationTests"/>
  <testcase name="modifySomeContact" time="50.157" classname="com.example.tests.SubContactModificationTests"/>
  <testcase name="modifySomeContact" time="40.795" classname="com.example.tests.SubContactModificationTests"/>
</testsuite> <!-- com.example.tests.SubContactModificationTests -->
