<?xml version="1.0" encoding="UTF-8"?>
<!-- Generated by org.testng.reporters.JUnitReportReporter -->
<testsuite hostname="testerpc" name="com.example.tests.NewGroupCreation" tests="2" failures="0" timestamp="3 Mar 2014 10:02:40 GMT" time="5.005" errors="0">
  <testcase name="newEmptyGroup" time="2.443" classname="com.example.tests.NewGroupCreation"/>
  <testcase name="newGroup" time="2.562" classname="com.example.tests.NewGroupCreation"/>
</testsuite> <!-- com.example.tests.NewGroupCreation -->
