<?xml version="1.0" encoding="UTF-8"?>
<!-- Generated by org.testng.reporters.JUnitReportReporter -->
<testsuite hostname="testerpc" name="com.example.tests.NewGroupCreationTests" tests="5" failures="0" timestamp="3 Apr 2014 09:39:48 GMT" time="20.349" errors="0">
  <testcase name="testGroupCreationWithValidData" time="12.428" classname="com.example.tests.NewGroupCreationTests"/>
  <testcase name="testGroupCreationWithValidData" time="1.890" classname="com.example.tests.NewGroupCreationTests"/>
  <testcase name="testGroupCreationWithValidData" time="1.790" classname="com.example.tests.NewGroupCreationTests"/>
  <testcase name="testGroupCreationWithValidData" time="2.042" classname="com.example.tests.NewGroupCreationTests"/>
  <testcase name="testGroupCreationWithValidData" time="2.199" classname="com.example.tests.NewGroupCreationTests"/>
</testsuite> <!-- com.example.tests.NewGroupCreationTests -->
