<?xml version="1.0" encoding="UTF-8"?>
<!-- Generated by org.testng.reporters.JUnitReportReporter -->
<testsuite hostname="testerpc" name="com.example.tests.NewGroupCreation" tests="1" failures="0" timestamp="3 Mar 2014 13:10:54 GMT" time="2.504" errors="0">
  <testcase name="newGroup" time="2.504" classname="com.example.tests.NewGroupCreation"/>
</testsuite> <!-- com.example.tests.NewGroupCreation -->
