<?xml version="1.0" encoding="UTF-8"?>
<!-- Generated by org.testng.reporters.JUnitReportReporter -->
<testsuite hostname="testerpc" name="com.example.tests.AllContactsRemovalTests" tests="1" failures="0" timestamp="3 Apr 2014 09:58:19 GMT" time="36.089" errors="0">
  <testcase name="removeAllContacts" time="36.089" classname="com.example.tests.AllContactsRemovalTests"/>
</testsuite> <!-- com.example.tests.AllContactsRemovalTests -->
