<?xml version="1.0" encoding="UTF-8"?>
<!-- Generated by org.testng.reporters.JUnitReportReporter -->
<testsuite hostname="testerpc" name="com.example.tests.SubContactRemovalTests" tests="1" failures="0" timestamp="3 Apr 2014 09:57:17 GMT" time="2.122" errors="0">
  <testcase name="deleteSomeContact" time="2.122" classname="com.example.tests.SubContactRemovalTests"/>
</testsuite> <!-- com.example.tests.SubContactRemovalTests -->
