<?xml version="1.0" encoding="UTF-8"?>
<!-- Generated by org.testng.reporters.JUnitReportReporter -->
<testsuite hostname="testerpc" name="com.example.tests.ContactRemovalTests" tests="1" failures="0" timestamp="3 Apr 2014 09:53:22 GMT" time="2.202" errors="0">
  <testcase name="deleteSomeContact" time="2.202" classname="com.example.tests.ContactRemovalTests"/>
</testsuite> <!-- com.example.tests.ContactRemovalTests -->
