<?xml version="1.0" encoding="UTF-8"?>
<!-- Generated by org.testng.reporters.JUnitReportReporter -->
<testsuite hostname="testerpc" name="com.example.tests.AllGroupRemovalTests" tests="1" failures="0" timestamp="3 Apr 2014 09:45:53 GMT" time="39.124" errors="0">
  <testcase name="removeAllGroups" time="39.124" classname="com.example.tests.AllGroupRemovalTests"/>
</testsuite> <!-- com.example.tests.AllGroupRemovalTests -->
