<?xml version="1.0" encoding="UTF-8"?>
<!-- Generated by org.testng.reporters.JUnitReportReporter -->
<testsuite hostname="testerpc" name="com.example.tests.GroupModificationTests" tests="5" failures="0" timestamp="3 Apr 2014 09:44:23 GMT" time="11.924" errors="0">
  <testcase name="modifySomeGroup" time="3.492" classname="com.example.tests.GroupModificationTests"/>
  <testcase name="modifySomeGroup" time="1.982" classname="com.example.tests.GroupModificationTests"/>
  <testcase name="modifySomeGroup" time="1.962" classname="com.example.tests.GroupModificationTests"/>
  <testcase name="modifySomeGroup" time="2.192" classname="com.example.tests.GroupModificationTests"/>
  <testcase name="modifySomeGroup" time="2.296" classname="com.example.tests.GroupModificationTests"/>
</testsuite> <!-- com.example.tests.GroupModificationTests -->
