<?xml version="1.0" encoding="UTF-8"?>
<!-- Generated by org.testng.reporters.JUnitReportReporter -->
<testsuite hostname="testerpc" name="com.example.tests.GroupRemovalTests" tests="1" failures="0" timestamp="3 Apr 2014 09:44:49 GMT" time="2.106" errors="0">
  <testcase name="deleteSomeGroup" time="2.106" classname="com.example.tests.GroupRemovalTests"/>
</testsuite> <!-- com.example.tests.GroupRemovalTests -->
