<?xml version="1.0" encoding="UTF-8"?>
<!-- Generated by org.testng.reporters.JUnitReportReporter -->
<testsuite hostname="testerpc" name="com.example.tests.NewContactCreation" tests="1" failures="0" timestamp="3 Mar 2014 13:10:54 GMT" time="6.381" errors="0">
  <testcase name="NewContact" time="6.381" classname="com.example.tests.NewContactCreation"/>
</testsuite> <!-- com.example.tests.NewContactCreation -->
