<?xml version="1.0" encoding="UTF-8"?>
<!-- Generated by org.testng.reporters.JUnitReportReporter -->
<testsuite hostname="testerpc" name="com.example.tests.NewContactCreationTests" tests="5" failures="0" timestamp="3 Apr 2014 09:48:31 GMT" time="17.511" errors="0">
  <testcase name="testNewContactCreation" time="3.267" classname="com.example.tests.NewContactCreationTests"/>
  <testcase name="testNewContactCreation" time="4.551" classname="com.example.tests.NewContactCreationTests"/>
  <testcase name="testNewContactCreation" time="3.247" classname="com.example.tests.NewContactCreationTests"/>
  <testcase name="testNewContactCreation" time="3.384" classname="com.example.tests.NewContactCreationTests"/>
  <testcase name="testNewContactCreation" time="3.062" classname="com.example.tests.NewContactCreationTests"/>
</testsuite> <!-- com.example.tests.NewContactCreationTests -->
