<?xml version="1.0" encoding="UTF-8"?>
<!-- Generated by org.testng.reporters.JUnitReportReporter -->
<testsuite hostname="testerpc" name="com.example.tests.TwiceContactCreation" tests="1" failures="0" timestamp="3 Mar 2014 13:10:53 GMT" time="9.674" errors="0">
  <testcase name="NewContact" time="9.674" classname="com.example.tests.TwiceContactCreation"/>
</testsuite> <!-- com.example.tests.TwiceContactCreation -->
